

Started GET "/" for ::1 at 2016-06-01 10:01:02 -0400
  [1m[36mActiveRecord::SchemaMigration Load (1.2ms)[0m  [1mSELECT "schema_migrations".* FROM "schema_migrations"[0m
Processing by MeteorsController#index as HTML
  Rendered addresses/_form.html.erb (10.4ms)
  Rendered meteors/index.html.erb within layouts/application (19.9ms)
Completed 200 OK in 672ms (Views: 671.7ms | ActiveRecord: 0.0ms)


Started GET "/assets/application.self-fa2006ef9cc2595a27e74c97973e90e8d23a4406228eb563e6ad71c3a7544fb1.css?body=1" for ::1 at 2016-06-01 10:01:03 -0400


Started GET "/assets/addresses.self-877aef30ae1b040ab8a3aba4e3e309a11d7f2612f44dde450b5c157aa5f95c05.js?body=1" for ::1 at 2016-06-01 10:01:03 -0400


Started GET "/assets/jquery_ujs.self-e87806d0cf4489aeb1bb7288016024e8de67fd18db693fe026fe3907581e53cd.js?body=1" for ::1 at 2016-06-01 10:01:03 -0400


Started GET "/assets/googlemaps.self-abd8065ed79974ea59b637aab65c5f82a47c002903207be878b7e962d413dd51.js?body=1" for ::1 at 2016-06-01 10:01:03 -0400


Started GET "/assets/meteor.self-1b2c1d1477f7cf5f20eef4186ac7b3338e9cf0b3a73b14aafeebccf6c8ea8735.js?body=1" for ::1 at 2016-06-01 10:01:03 -0400


Started GET "/assets/jquery.self-660adc51e0224b731d29f575a6f1ec167ba08ad06ed5deca4f1e8654c135bf4c.js?body=1" for ::1 at 2016-06-01 10:01:03 -0400


Started GET "/assets/meteors.self-877aef30ae1b040ab8a3aba4e3e309a11d7f2612f44dde450b5c157aa5f95c05.js?body=1" for ::1 at 2016-06-01 10:01:03 -0400


Started GET "/assets/users.self-877aef30ae1b040ab8a3aba4e3e309a11d7f2612f44dde450b5c157aa5f95c05.js?body=1" for ::1 at 2016-06-01 10:01:03 -0400


Started GET "/assets/application.self-3b8dabdc891efe46b9a144b400ad69e37d7e5876bdc39dee783419a69d7ca819.js?body=1" for ::1 at 2016-06-01 10:01:03 -0400


Started POST "/meteors" for ::1 at 2016-06-01 10:01:06 -0400
Processing by MeteorsController#create as HTML
  Parameters: {"name"=>"St-Robert", "lat"=>"45.96861", "lng"=>"-72.97806", "mass"=>"25400", "year"=>"1994-01-01T00:00:00"}
  [1m[35m (0.2ms)[0m  BEGIN
  [1m[36mSQL (1.7ms)[0m  [1mINSERT INTO "meteors" ("name", "mass", "year", "reclat", "reclong", "created_at", "updated_at") VALUES ($1, $2, $3, $4, $5, $6, $7) RETURNING "id"[0m  [["name", "St-Robert"], ["mass", 25400], ["year", 1994], ["reclat", 45.96861], ["reclong", -72.97806], ["created_at", "2016-06-01 14:01:06.338040"], ["updated_at", "2016-06-01 14:01:06.338040"]]
  [1m[35m (0.5ms)[0m  COMMIT
  Rendered meteors/_meteor_details_section.html.erb (21.3ms)
Completed 200 OK in 62ms (Views: 23.6ms | ActiveRecord: 7.7ms)


Started POST "/addresses" for ::1 at 2016-06-01 10:01:17 -0400
Processing by AddressesController#create as JSON
  Parameters: {"lat"=>"45.96861", "lng"=>"-72.97806", "street"=>"104 india street", "city"=>"Atlanta", "state"=>"new york", "country"=>"usa"}
Completed 200 OK in 731ms (Views: 1.4ms | ActiveRecord: 0.0ms)


Started POST "/meteors" for ::1 at 2016-06-01 10:02:27 -0400
Processing by MeteorsController#create as HTML
  Parameters: {"name"=>"St-Robert", "lat"=>"45.96861", "lng"=>"-72.97806", "mass"=>"25400", "year"=>"1994-01-01T00:00:00"}
  [1m[36m (0.1ms)[0m  [1mBEGIN[0m
  [1m[35mSQL (0.2ms)[0m  INSERT INTO "meteors" ("name", "mass", "year", "reclat", "reclong", "created_at", "updated_at") VALUES ($1, $2, $3, $4, $5, $6, $7) RETURNING "id"  [["name", "St-Robert"], ["mass", 25400], ["year", 1994], ["reclat", 45.96861], ["reclong", -72.97806], ["created_at", "2016-06-01 14:02:27.709596"], ["updated_at", "2016-06-01 14:02:27.709596"]]
  [1m[36m (2.1ms)[0m  [1mCOMMIT[0m
  Rendered meteors/_meteor_details_section.html.erb (1.3ms)
Completed 200 OK in 6ms (Views: 2.3ms | ActiveRecord: 2.4ms)


Started GET "/" for ::1 at 2016-06-01 10:03:16 -0400
Processing by MeteorsController#index as HTML
  Rendered addresses/_form.html.erb (0.8ms)
  Rendered meteors/index.html.erb within layouts/application (1.7ms)
Completed 200 OK in 12ms (Views: 11.9ms | ActiveRecord: 0.0ms)


Started GET "/assets/application.self-fa2006ef9cc2595a27e74c97973e90e8d23a4406228eb563e6ad71c3a7544fb1.css?body=1" for ::1 at 2016-06-01 10:03:17 -0400


Started GET "/assets/jquery.self-660adc51e0224b731d29f575a6f1ec167ba08ad06ed5deca4f1e8654c135bf4c.js?body=1" for ::1 at 2016-06-01 10:03:17 -0400


Started GET "/assets/jquery_ujs.self-e87806d0cf4489aeb1bb7288016024e8de67fd18db693fe026fe3907581e53cd.js?body=1" for ::1 at 2016-06-01 10:03:17 -0400


Started GET "/assets/addresses.self-877aef30ae1b040ab8a3aba4e3e309a11d7f2612f44dde450b5c157aa5f95c05.js?body=1" for ::1 at 2016-06-01 10:03:17 -0400


Started GET "/assets/meteors.self-877aef30ae1b040ab8a3aba4e3e309a11d7f2612f44dde450b5c157aa5f95c05.js?body=1" for ::1 at 2016-06-01 10:03:17 -0400


Started GET "/assets/googlemaps.self-abd8065ed79974ea59b637aab65c5f82a47c002903207be878b7e962d413dd51.js?body=1" for ::1 at 2016-06-01 10:03:17 -0400


Started GET "/assets/meteor.self-1b2c1d1477f7cf5f20eef4186ac7b3338e9cf0b3a73b14aafeebccf6c8ea8735.js?body=1" for ::1 at 2016-06-01 10:03:17 -0400


Started GET "/assets/users.self-877aef30ae1b040ab8a3aba4e3e309a11d7f2612f44dde450b5c157aa5f95c05.js?body=1" for ::1 at 2016-06-01 10:03:17 -0400


Started GET "/assets/application.self-3b8dabdc891efe46b9a144b400ad69e37d7e5876bdc39dee783419a69d7ca819.js?body=1" for ::1 at 2016-06-01 10:03:17 -0400


Started POST "/meteors" for ::1 at 2016-06-01 10:03:19 -0400
Processing by MeteorsController#create as HTML
  Parameters: {"name"=>"St-Robert", "lat"=>"45.96861", "lng"=>"-72.97806", "mass"=>"25400", "year"=>"1994-01-01T00:00:00"}
  [1m[35m (0.1ms)[0m  BEGIN
  [1m[36mSQL (0.3ms)[0m  [1mINSERT INTO "meteors" ("name", "mass", "year", "reclat", "reclong", "created_at", "updated_at") VALUES ($1, $2, $3, $4, $5, $6, $7) RETURNING "id"[0m  [["name", "St-Robert"], ["mass", 25400], ["year", 1994], ["reclat", 45.96861], ["reclong", -72.97806], ["created_at", "2016-06-01 14:03:19.092934"], ["updated_at", "2016-06-01 14:03:19.092934"]]
  [1m[35m (1.9ms)[0m  COMMIT
  Rendered meteors/_meteor_details_section.html.erb (1.1ms)
Completed 200 OK in 6ms (Views: 2.2ms | ActiveRecord: 2.3ms)


Started POST "/addresses" for ::1 at 2016-06-01 10:03:32 -0400
Processing by AddressesController#create as JSON
  Parameters: {"lat"=>"45.96861", "lng"=>"-72.97806", "street"=>"104 India Street", "city"=>"Atlanta", "state"=>"New York", "country"=>"USA"}
Completed 200 OK in 694ms (Views: 0.9ms | ActiveRecord: 0.0ms)


Started GET "/" for ::1 at 2016-06-01 10:23:18 -0400
  [1m[36mActiveRecord::SchemaMigration Load (0.3ms)[0m  [1mSELECT "schema_migrations".* FROM "schema_migrations"[0m
Processing by MeteorsController#index as HTML
  Rendered addresses/_form.html.erb (14.2ms)
  Rendered meteors/index.html.erb within layouts/application (23.6ms)
Completed 200 OK in 238ms (Views: 237.4ms | ActiveRecord: 0.0ms)


Started GET "/assets/jquery.self-660adc51e0224b731d29f575a6f1ec167ba08ad06ed5deca4f1e8654c135bf4c.js?body=1" for ::1 at 2016-06-01 10:23:18 -0400


Started GET "/assets/application.self-fa2006ef9cc2595a27e74c97973e90e8d23a4406228eb563e6ad71c3a7544fb1.css?body=1" for ::1 at 2016-06-01 10:23:18 -0400


Started GET "/assets/addresses.self-877aef30ae1b040ab8a3aba4e3e309a11d7f2612f44dde450b5c157aa5f95c05.js?body=1" for ::1 at 2016-06-01 10:23:18 -0400


Started GET "/assets/googlemaps.self-abd8065ed79974ea59b637aab65c5f82a47c002903207be878b7e962d413dd51.js?body=1" for ::1 at 2016-06-01 10:23:18 -0400


Started GET "/assets/meteor.self-1b2c1d1477f7cf5f20eef4186ac7b3338e9cf0b3a73b14aafeebccf6c8ea8735.js?body=1" for ::1 at 2016-06-01 10:23:18 -0400


Started GET "/assets/jquery_ujs.self-e87806d0cf4489aeb1bb7288016024e8de67fd18db693fe026fe3907581e53cd.js?body=1" for ::1 at 2016-06-01 10:23:18 -0400


Started GET "/assets/meteors.self-877aef30ae1b040ab8a3aba4e3e309a11d7f2612f44dde450b5c157aa5f95c05.js?body=1" for ::1 at 2016-06-01 10:23:18 -0400


Started GET "/assets/users.self-877aef30ae1b040ab8a3aba4e3e309a11d7f2612f44dde450b5c157aa5f95c05.js?body=1" for ::1 at 2016-06-01 10:23:18 -0400


Started GET "/assets/application.self-3b8dabdc891efe46b9a144b400ad69e37d7e5876bdc39dee783419a69d7ca819.js?body=1" for ::1 at 2016-06-01 10:23:18 -0400


Started POST "/meteors" for ::1 at 2016-06-01 10:23:21 -0400
Processing by MeteorsController#create as HTML
  Parameters: {"name"=>"Bethlehem", "lat"=>"42.53333", "lng"=>"-73.83333", "mass"=>"13.9", "year"=>"1859-01-01T00:00:00"}
  [1m[35m (0.1ms)[0m  BEGIN
  [1m[36mSQL (0.6ms)[0m  [1mINSERT INTO "meteors" ("name", "mass", "year", "reclat", "reclong", "created_at", "updated_at") VALUES ($1, $2, $3, $4, $5, $6, $7) RETURNING "id"[0m  [["name", "Bethlehem"], ["mass", 13], ["year", 1859], ["reclat", 42.53333], ["reclong", -73.83333], ["created_at", "2016-06-01 14:23:21.280646"], ["updated_at", "2016-06-01 14:23:21.280646"]]
  [1m[35m (1.9ms)[0m  COMMIT
  Rendered meteors/_meteor_details_section.html.erb (24.1ms)
Completed 200 OK in 64ms (Views: 25.2ms | ActiveRecord: 6.1ms)


Started POST "/addresses" for ::1 at 2016-06-01 10:23:35 -0400
Processing by AddressesController#create as JSON
  Parameters: {"lat"=>"42.53333", "lng"=>"-73.83333", "street"=>"Gerrish Lane", "city"=>"Atlanta", "state"=>"CT", "country"=>"USA"}
Completed 200 OK in 279ms (Views: 2.8ms | ActiveRecord: 0.0ms)


Started GET "/" for ::1 at 2016-06-01 10:36:02 -0400
  [1m[36mActiveRecord::SchemaMigration Load (0.4ms)[0m  [1mSELECT "schema_migrations".* FROM "schema_migrations"[0m
Processing by MeteorsController#index as HTML
  Rendered addresses/_form.html.erb (11.0ms)
  Rendered meteors/index.html.erb within layouts/application (20.5ms)
Completed 200 OK in 222ms (Views: 221.6ms | ActiveRecord: 0.0ms)


Started GET "/assets/application.self-fa2006ef9cc2595a27e74c97973e90e8d23a4406228eb563e6ad71c3a7544fb1.css?body=1" for ::1 at 2016-06-01 10:36:02 -0400


Started GET "/assets/jquery.self-660adc51e0224b731d29f575a6f1ec167ba08ad06ed5deca4f1e8654c135bf4c.js?body=1" for ::1 at 2016-06-01 10:36:02 -0400


Started GET "/assets/jquery_ujs.self-e87806d0cf4489aeb1bb7288016024e8de67fd18db693fe026fe3907581e53cd.js?body=1" for ::1 at 2016-06-01 10:36:02 -0400


Started GET "/assets/googlemaps.self-abd8065ed79974ea59b637aab65c5f82a47c002903207be878b7e962d413dd51.js?body=1" for ::1 at 2016-06-01 10:36:02 -0400


Started GET "/assets/meteor.self-1b2c1d1477f7cf5f20eef4186ac7b3338e9cf0b3a73b14aafeebccf6c8ea8735.js?body=1" for ::1 at 2016-06-01 10:36:02 -0400


Started GET "/assets/addresses.self-877aef30ae1b040ab8a3aba4e3e309a11d7f2612f44dde450b5c157aa5f95c05.js?body=1" for ::1 at 2016-06-01 10:36:02 -0400


Started GET "/assets/meteors.self-877aef30ae1b040ab8a3aba4e3e309a11d7f2612f44dde450b5c157aa5f95c05.js?body=1" for ::1 at 2016-06-01 10:36:02 -0400


Started GET "/assets/users.self-877aef30ae1b040ab8a3aba4e3e309a11d7f2612f44dde450b5c157aa5f95c05.js?body=1" for ::1 at 2016-06-01 10:36:02 -0400


Started GET "/assets/application.self-3b8dabdc891efe46b9a144b400ad69e37d7e5876bdc39dee783419a69d7ca819.js?body=1" for ::1 at 2016-06-01 10:36:02 -0400


Started POST "/meteors" for ::1 at 2016-06-01 10:36:05 -0400
Processing by MeteorsController#create as HTML
  Parameters: {"name"=>"Richardton", "lat"=>"46.88333", "lng"=>"-102.31667", "mass"=>"90000", "year"=>"1918-01-01T00:00:00"}
  [1m[35m (0.1ms)[0m  BEGIN
  [1m[36mSQL (0.5ms)[0m  [1mINSERT INTO "meteors" ("name", "mass", "year", "reclat", "reclong", "created_at", "updated_at") VALUES ($1, $2, $3, $4, $5, $6, $7) RETURNING "id"[0m  [["name", "Richardton"], ["mass", 90000], ["year", 1918], ["reclat", 46.88333], ["reclong", -102.31667], ["created_at", "2016-06-01 14:36:05.111939"], ["updated_at", "2016-06-01 14:36:05.111939"]]
  [1m[35m (2.0ms)[0m  COMMIT
  Rendered meteors/_meteor_details_section.html.erb (11.6ms)
Completed 200 OK in 35ms (Views: 12.7ms | ActiveRecord: 6.6ms)


Started POST "/addresses" for ::1 at 2016-06-01 10:36:16 -0400
Processing by AddressesController#create as JSON
  Parameters: {"lat"=>"46.88333", "lng"=>"-102.31667", "street"=>"India Street", "city"=>"Atlanta", "state"=>"NY", "country"=>"USA"}
Completed 200 OK in 483ms (Views: 5.0ms | ActiveRecord: 0.0ms)


Started GET "/" for ::1 at 2016-06-02 15:49:00 -0400
  [1m[36mActiveRecord::SchemaMigration Load (0.8ms)[0m  [1mSELECT "schema_migrations".* FROM "schema_migrations"[0m
Processing by MeteorsController#index as HTML
  Rendered addresses/_form.html.erb (8.8ms)
  Rendered meteors/index.html.erb within layouts/application (18.8ms)
Completed 200 OK in 308ms (Views: 307.3ms | ActiveRecord: 0.0ms)


Started GET "/assets/application.self-d5bcab924e5b6b43c8a02e03eb6734fd30da17ef17c3ef9e17f779c59ad1e6f4.css?body=1" for ::1 at 2016-06-02 15:49:01 -0400


Started GET "/" for ::1 at 2016-06-02 15:55:27 -0400
  [1m[36mActiveRecord::SchemaMigration Load (0.3ms)[0m  [1mSELECT "schema_migrations".* FROM "schema_migrations"[0m
Processing by MeteorsController#index as HTML
  Rendered addresses/_form.html.erb (7.2ms)
  Rendered meteors/index.html.erb within layouts/application (14.9ms)
Completed 200 OK in 186ms (Views: 185.5ms | ActiveRecord: 0.0ms)


Started POST "/meteors" for ::1 at 2016-06-02 15:55:45 -0400
Processing by MeteorsController#create as HTML
  Parameters: {"name"=>"Benton", "lat"=>"45.95", "lng"=>"-67.55", "mass"=>"2840", "year"=>"1949-01-01T00:00:00"}
  [1m[35m (0.2ms)[0m  BEGIN
  [1m[36mSQL (2.7ms)[0m  [1mINSERT INTO "meteors" ("name", "mass", "year", "reclat", "reclong", "created_at", "updated_at") VALUES ($1, $2, $3, $4, $5, $6, $7) RETURNING "id"[0m  [["name", "Benton"], ["mass", 2840], ["year", 1949], ["reclat", 45.95], ["reclong", -67.55], ["created_at", "2016-06-02 19:55:45.555738"], ["updated_at", "2016-06-02 19:55:45.555738"]]
  [1m[35m (0.7ms)[0m  COMMIT
  Rendered meteors/_meteor_details_section.html.erb (16.6ms)
Completed 200 OK in 63ms (Views: 18.0ms | ActiveRecord: 9.9ms)
